<?xml version="1.0" encoding="UTF-8"?>
<testsuite name="org.ray1184.hpms.batch.commands.LuaScriptTest" tests="1" skipped="0" failures="0" errors="0" timestamp="2021-08-08T12:36:32" hostname="DESKTOP-U6RV9LI" time="0.127">
  <properties/>
  <testcase name="testTemplate()" classname="org.ray1184.hpms.batch.commands.LuaScriptTest" time="0.127"/>
  <system-out><![CDATA[######################################
-- SceneTemplate
-- Generated with Blend2HPMS batch on date 2021/08/08

dependencies = {
}

scene = {
    name = 'SceneTemplate',
    version = 1.0,
    quit = false,
    finished = false,
    next = 'TBD',
    setup = function()
        -- CUSTOM CODE STARTS HERE, DO NOT REMOVE THIS LINE [setup]
        -- TODO
        -- CUSTOM CODE STOPS HERE, DO NOT REMOVE THIS LINE [setup]
    end,
    input = function(keys, mouse_buttons, x, y)
        -- CUSTOM CODE STARTS HERE, DO NOT REMOVE THIS LINE [input]
        -- TODO
        -- CUSTOM CODE STOPS HERE, DO NOT REMOVE THIS LINE [input]
    end,
    update = function(tpf)
        -- CUSTOM CODE STARTS HERE, DO NOT REMOVE THIS LINE [update]
        -- TODO
        -- CUSTOM CODE STOPS HERE, DO NOT REMOVE THIS LINE [update]
    end,
    cleanup = function()
        -- CUSTOM CODE STARTS HERE, DO NOT REMOVE THIS LINE [cleanup]
        -- TODO
        -- CUSTOM CODE STOPS HERE, DO NOT REMOVE THIS LINE [cleanup]
    end
}
######################################
]]></system-out>
  <system-err><![CDATA[]]></system-err>
</testsuite>
